<?xml version="1.0" encoding="UTF-8"?>
<testng-results ignored="0" total="3" passed="2" failed="1" skipped="0">
  <reporter-output>
  </reporter-output>
  <suite started-at="2022-10-19T13:56:00Z" name="Suite" finished-at="2022-10-19T14:00:30Z" duration-ms="270129">
    <groups>
    </groups>
    <test started-at="2022-10-19T13:56:00Z" name="TestChrome" finished-at="2022-10-19T13:57:42Z" duration-ms="101824">
      <class name="com.actitime.test.ActitimeLoginLogout">
        <test-method is-config="true" signature="setup(java.lang.String)[pri:0, instance:com.actitime.test.ActitimeLoginLogout@5ccddd20]" started-at="2022-10-19T13:56:00Z" name="setup" finished-at="2022-10-19T13:56:58Z" duration-ms="57446" status="PASS">
          <params>
            <param index="0">
              <value>
                <![CDATA[chrome]]>
              </value>
            </param>
          </params>
          <reporter-output>
          </reporter-output>
        </test-method> <!-- setup -->
        <test-method signature="login()[pri:0, instance:com.actitime.test.ActitimeLoginLogout@5ccddd20]" started-at="2022-10-19T13:56:58Z" name="login" finished-at="2022-10-19T13:57:42Z" duration-ms="44222" status="PASS">
          <reporter-output>
          </reporter-output>
        </test-method> <!-- login -->
        <test-method is-config="true" signature="teardown()[pri:0, instance:com.actitime.test.ActitimeLoginLogout@5ccddd20]" started-at="2022-10-19T13:57:42Z" name="teardown" finished-at="2022-10-19T13:57:42Z" duration-ms="1" status="PASS">
          <reporter-output>
          </reporter-output>
        </test-method> <!-- teardown -->
      </class> <!-- com.actitime.test.ActitimeLoginLogout -->
    </test> <!-- TestChrome -->
    <test started-at="2022-10-19T13:57:42Z" name="TestEdge" finished-at="2022-10-19T13:59:06Z" duration-ms="84062">
      <class name="com.actitime.test.ActitimeLoginLogout">
        <test-method is-config="true" signature="setup(java.lang.String)[pri:0, instance:com.actitime.test.ActitimeLoginLogout@6fe7aac8]" started-at="2022-10-19T13:57:42Z" name="setup" finished-at="2022-10-19T13:58:28Z" duration-ms="45745" status="PASS">
          <params>
            <param index="0">
              <value>
                <![CDATA[edge]]>
              </value>
            </param>
          </params>
          <reporter-output>
          </reporter-output>
        </test-method> <!-- setup -->
        <test-method signature="login()[pri:0, instance:com.actitime.test.ActitimeLoginLogout@6fe7aac8]" started-at="2022-10-19T13:58:28Z" name="login" finished-at="2022-10-19T13:59:06Z" duration-ms="38310" status="PASS">
          <reporter-output>
          </reporter-output>
        </test-method> <!-- login -->
        <test-method is-config="true" signature="teardown()[pri:0, instance:com.actitime.test.ActitimeLoginLogout@6fe7aac8]" started-at="2022-10-19T13:59:06Z" name="teardown" finished-at="2022-10-19T13:59:06Z" duration-ms="1" status="PASS">
          <reporter-output>
          </reporter-output>
        </test-method> <!-- teardown -->
      </class> <!-- com.actitime.test.ActitimeLoginLogout -->
    </test> <!-- TestEdge -->
    <test started-at="2022-10-19T13:59:06Z" name="TestFirefox" finished-at="2022-10-19T14:00:30Z" duration-ms="84012">
      <class name="com.actitime.test.ActitimeLoginLogout">
        <test-method is-config="true" signature="executionstart()[pri:0, instance:com.actitime.test.ActitimeLoginLogout@769f71a9]" started-at="2022-10-19T13:56:00Z" name="executionstart" finished-at="2022-10-19T13:56:00Z" duration-ms="10" status="PASS">
          <reporter-output>
          </reporter-output>
        </test-method> <!-- executionstart -->
        <test-method is-config="true" signature="setup(java.lang.String)[pri:0, instance:com.actitime.test.ActitimeLoginLogout@769f71a9]" started-at="2022-10-19T13:59:06Z" name="setup" finished-at="2022-10-19T14:00:01Z" duration-ms="54652" status="PASS">
          <params>
            <param index="0">
              <value>
                <![CDATA[firefox]]>
              </value>
            </param>
          </params>
          <reporter-output>
          </reporter-output>
        </test-method> <!-- setup -->
        <test-method signature="login()[pri:0, instance:com.actitime.test.ActitimeLoginLogout@769f71a9]" started-at="2022-10-19T14:00:01Z" name="login" finished-at="2022-10-19T14:00:30Z" duration-ms="29308" status="FAIL">
          <exception class="org.openqa.selenium.NoSuchElementException">
            <message>
              <![CDATA[Unable to locate element: .logout
For documentation on this error, please visit: https://selenium.dev/exceptions/#no_such_element
Build info: version: '4.0.0', revision: '3a21814679'
System info: host: 'LAPTOP-S08TGJ2M', ip: '192.168.43.223', os.name: 'Windows 10', os.arch: 'amd64', os.version: '10.0', java.version: '18'
Driver info: org.openqa.selenium.firefox.FirefoxDriver
Command: [63048035-a043-4534-b0df-85f8e32f06e5, findElement {using=css selector, value=.logout}]
Capabilities {acceptInsecureCerts: true, browserName: firefox, browserVersion: 105.0.3, javascriptEnabled: true, moz:accessibilityChecks: false, moz:buildID: 20221007134813, moz:debuggerAddress: 127.0.0.1:55149, moz:geckodriverVersion: 0.32.0, moz:headless: false, moz:platformVersion: 10.0, moz:processID: 97884, moz:profile: C:\Users\BANDIT~1\AppData\L..., moz:shutdownTimeout: 60000, moz:useNonSpecCompliantPointerOrigin: false, moz:webdriverClick: true, moz:windowless: false, pageLoadStrategy: normal, platform: WINDOWS, platformName: WINDOWS, proxy: Proxy(), se:cdp: ws://127.0.0.1:55149/devtoo..., se:cdpVersion: 85, setWindowRect: true, strictFileInteractability: false, timeouts: {implicit: 0, pageLoad: 300000, script: 30000}, unhandledPromptBehavior: dismiss and notify}
Session ID: 63048035-a043-4534-b0df-85f8e32f06e5]]>
            </message>
            <full-stacktrace>
              <![CDATA[org.openqa.selenium.NoSuchElementException: Unable to locate element: .logout
For documentation on this error, please visit: https://selenium.dev/exceptions/#no_such_element
Build info: version: '4.0.0', revision: '3a21814679'
System info: host: 'LAPTOP-S08TGJ2M', ip: '192.168.43.223', os.name: 'Windows 10', os.arch: 'amd64', os.version: '10.0', java.version: '18'
Driver info: org.openqa.selenium.firefox.FirefoxDriver
Command: [63048035-a043-4534-b0df-85f8e32f06e5, findElement {using=css selector, value=.logout}]
Capabilities {acceptInsecureCerts: true, browserName: firefox, browserVersion: 105.0.3, javascriptEnabled: true, moz:accessibilityChecks: false, moz:buildID: 20221007134813, moz:debuggerAddress: 127.0.0.1:55149, moz:geckodriverVersion: 0.32.0, moz:headless: false, moz:platformVersion: 10.0, moz:processID: 97884, moz:profile: C:\Users\BANDIT~1\AppData\L..., moz:shutdownTimeout: 60000, moz:useNonSpecCompliantPointerOrigin: false, moz:webdriverClick: true, moz:windowless: false, pageLoadStrategy: normal, platform: WINDOWS, platformName: WINDOWS, proxy: Proxy(), se:cdp: ws://127.0.0.1:55149/devtoo..., se:cdpVersion: 85, setWindowRect: true, strictFileInteractability: false, timeouts: {implicit: 0, pageLoad: 300000, script: 30000}, unhandledPromptBehavior: dismiss and notify}
Session ID: 63048035-a043-4534-b0df-85f8e32f06e5
at java.base/jdk.internal.reflect.DirectConstructorHandleAccessor.newInstance(DirectConstructorHandleAccessor.java:67)
at java.base/java.lang.reflect.Constructor.newInstanceWithCaller(Constructor.java:499)
at java.base/java.lang.reflect.Constructor.newInstance(Constructor.java:483)
at org.openqa.selenium.remote.codec.w3c.W3CHttpResponseCodec.createException(W3CHttpResponseCodec.java:200)
at org.openqa.selenium.remote.codec.w3c.W3CHttpResponseCodec.decode(W3CHttpResponseCodec.java:133)
at org.openqa.selenium.remote.codec.w3c.W3CHttpResponseCodec.decode(W3CHttpResponseCodec.java:53)
at org.openqa.selenium.remote.HttpCommandExecutor.execute(HttpCommandExecutor.java:184)
at org.openqa.selenium.remote.service.DriverCommandExecutor.invokeExecute(DriverCommandExecutor.java:164)
at org.openqa.selenium.remote.service.DriverCommandExecutor.execute(DriverCommandExecutor.java:139)
at org.openqa.selenium.remote.RemoteWebDriver.execute(RemoteWebDriver.java:559)
at org.openqa.selenium.remote.ElementLocation$ElementFinder$2.findElement(ElementLocation.java:162)
at org.openqa.selenium.remote.ElementLocation.findElement(ElementLocation.java:60)
at org.openqa.selenium.remote.RemoteWebDriver.findElement(RemoteWebDriver.java:383)
at org.openqa.selenium.remote.RemoteWebDriver.findElement(RemoteWebDriver.java:375)
at org.openqa.selenium.By$PreW3CLocator.findElement(By.java:429)
at org.openqa.selenium.By$ByClassName.findElement(By.java:298)
at org.openqa.selenium.remote.ElementLocation$ElementFinder$1.findElement(ElementLocation.java:136)
at org.openqa.selenium.remote.ElementLocation.findElement(ElementLocation.java:80)
at org.openqa.selenium.remote.RemoteWebDriver.findElement(RemoteWebDriver.java:383)
at org.openqa.selenium.remote.RemoteWebDriver.findElement(RemoteWebDriver.java:375)
at org.openqa.selenium.support.pagefactory.DefaultElementLocator.findElement(DefaultElementLocator.java:70)
at org.openqa.selenium.support.pagefactory.internal.LocatingElementHandler.invoke(LocatingElementHandler.java:39)
at jdk.proxy2/jdk.proxy2.$Proxy19.click(Unknown Source)
at com.actitime.pom.HomePage.logoutMethod(HomePage.java:26)
at com.actitime.test.ActitimeLoginLogout.login(ActitimeLoginLogout.java:20)
at java.base/jdk.internal.reflect.DirectMethodHandleAccessor.invoke(DirectMethodHandleAccessor.java:104)
at java.base/java.lang.reflect.Method.invoke(Method.java:577)
at org.testng.internal.MethodInvocationHelper.invokeMethod(MethodInvocationHelper.java:124)
at org.testng.internal.Invoker.invokeMethod(Invoker.java:583)
at org.testng.internal.Invoker.invokeTestMethod(Invoker.java:719)
at org.testng.internal.Invoker.invokeTestMethods(Invoker.java:989)
at org.testng.internal.TestMethodWorker.invokeTestMethods(TestMethodWorker.java:125)
at org.testng.internal.TestMethodWorker.run(TestMethodWorker.java:109)
at org.testng.TestRunner.privateRun(TestRunner.java:648)
at org.testng.TestRunner.run(TestRunner.java:505)
at org.testng.SuiteRunner.runTest(SuiteRunner.java:455)
at org.testng.SuiteRunner.runSequentially(SuiteRunner.java:450)
at org.testng.SuiteRunner.privateRun(SuiteRunner.java:415)
at org.testng.SuiteRunner.run(SuiteRunner.java:364)
at org.testng.SuiteRunnerWorker.runSuite(SuiteRunnerWorker.java:52)
at org.testng.SuiteRunnerWorker.run(SuiteRunnerWorker.java:84)
at org.testng.TestNG.runSuitesSequentially(TestNG.java:1208)
at org.testng.TestNG.runSuitesLocally(TestNG.java:1137)
at org.testng.TestNG.runSuites(TestNG.java:1049)
at org.testng.TestNG.run(TestNG.java:1017)
at org.testng.remote.AbstractRemoteTestNG.run(AbstractRemoteTestNG.java:115)
at org.testng.remote.RemoteTestNG.initAndRun(RemoteTestNG.java:251)
at org.testng.remote.RemoteTestNG.main(RemoteTestNG.java:77)
]]>
            </full-stacktrace>
          </exception> <!-- org.openqa.selenium.NoSuchElementException -->
          <reporter-output>
          </reporter-output>
        </test-method> <!-- login -->
        <test-method is-config="true" signature="teardown()[pri:0, instance:com.actitime.test.ActitimeLoginLogout@769f71a9]" started-at="2022-10-19T14:00:30Z" name="teardown" finished-at="2022-10-19T14:00:30Z" duration-ms="0" status="PASS">
          <reporter-output>
          </reporter-output>
        </test-method> <!-- teardown -->
        <test-method is-config="true" signature="executioncomplete()[pri:0, instance:com.actitime.test.ActitimeLoginLogout@769f71a9]" started-at="2022-10-19T14:00:31Z" name="executioncomplete" finished-at="2022-10-19T14:00:31Z" duration-ms="1" status="PASS">
          <reporter-output>
          </reporter-output>
        </test-method> <!-- executioncomplete -->
      </class> <!-- com.actitime.test.ActitimeLoginLogout -->
    </test> <!-- TestFirefox -->
  </suite> <!-- Suite -->
</testng-results>
